
> back-end@1.0.0 start
> nodemon server.js

[33m[nodemon] 3.1.9[39m
[33m[nodemon] to restart at any time, enter `rs`[39m
[33m[nodemon] watching path(s): *.*[39m
[33m[nodemon] watching extensions: js,mjs,cjs,json[39m
[32m[nodemon] starting `node server.js`[39m
✅ CloudinaryStorage initialized successfully
✅ Cloudinary configured via CLOUDINARY_URL
✅ Cloudinary uploader is available
✅ Server running on port 9999
MongoDB connected successfully
🏦 BankFeed đã có 578 bản ghi, bỏ qua seed.
[32m[nodemon] restarting due to changes...[39m
[32m[nodemon] starting `node server.js`[39m
✅ CloudinaryStorage initialized successfully
✅ Cloudinary configured via CLOUDINARY_URL
✅ Cloudinary uploader is available
✅ Server running on port 9999
MongoDB connected successfully
🏦 BankFeed đã có 578 bản ghi, bỏ qua seed.
